<?xml version="1.0" encoding="UTF-8"?>
<testng-results skipped="0" failed="0" ignored="0" total="1" passed="1">
  <reporter-output>
  </reporter-output>
  <suite name="Default suite" duration-ms="13872" started-at="2020-04-20T13:57:31 BDT" finished-at="2020-04-20T13:57:45 BDT">
    <groups>
    </groups>
    <test name="Default test" duration-ms="13872" started-at="2020-04-20T13:57:31 BDT" finished-at="2020-04-20T13:57:45 BDT">
      <class name="scrollSeleniumJavascript.ScrollForElement">
        <test-method status="PASS" signature="scrollPageDown()[pri:0, instance:scrollSeleniumJavascript.ScrollForElement@7e2d773b]" name="scrollPageDown" duration-ms="13818" started-at="2020-04-20T13:57:31 BDT" finished-at="2020-04-20T13:57:45 BDT">
          <reporter-output>
          </reporter-output>
        </test-method> <!-- scrollPageDown -->
      </class> <!-- scrollSeleniumJavascript.ScrollForElement -->
    </test> <!-- Default test -->
  </suite> <!-- Default suite -->
</testng-results>
